2025-04-04 12:20:17.775158 - Received CBT.V508.FILE594.PDS from FILE594.XMI 
2025-04-04 12:20:17.776969 - Found $$$#DATE.txt (text/plain) in CBT.V508.FILE594.PDS, moved to PDS/$$$#DATE
2025-04-04 12:20:17.777112 - Found $$$NOTE.txt (text/plain) in CBT.V508.FILE594.PDS, moved to PDS/$$$NOTE
2025-04-04 12:20:17.777251 - Found $$DISCLM.txt (text/plain) in CBT.V508.FILE594.PDS, moved to PDS/$$DISCLM
2025-04-04 12:20:17.777393 - Found $$HELP.txt (text/plain) in CBT.V508.FILE594.PDS, moved to PDS/$$HELP
2025-04-04 12:20:17.777512 - Found $$INTRO.txt (text/plain) in CBT.V508.FILE594.PDS, moved to PDS/$$INTRO
2025-04-04 12:20:17.777644 - Found $PDSLOAD.jcl (text/plain) in CBT.V508.FILE594.PDS, moved to PDS/$PDSLOAD
2025-04-04 12:20:17.777828 - Found @FILE594.txt (text/plain) in CBT.V508.FILE594.PDS, moved to PDS/@FILE594
2025-04-04 12:20:17.777973 - Found HELPTEXT.txt (text/plain) in CBT.V508.FILE594.PDS, moved to PDS/HELPTEXT
2025-04-04 12:20:17.778108 - Found ISRML000.bin (application/octet-stream) in CBT.V508.FILE594.PDS, moved to PDS/ISRML000
2025-04-04 12:20:17.778233 - Found ISRSFSPR.bin (application/octet-stream) in CBT.V508.FILE594.PDS, moved to PDS/ISRSFSPR
2025-04-04 12:20:17.778379 - Found ISRUDA2S.bin (application/octet-stream) in CBT.V508.FILE594.PDS, moved to PDS/ISRUDA2S
2025-04-04 12:20:17.778746 - Found ISRUMC1.bin (application/octet-stream) in CBT.V508.FILE594.PDS, moved to PDS/ISRUMC1
2025-04-04 12:20:17.778899 - Found ISRUMC2A.txt (text/plain) in CBT.V508.FILE594.PDS, moved to PDS/ISRUMC2A
2025-04-04 12:20:17.779026 - Found ISRUMC2B.bin (application/octet-stream) in CBT.V508.FILE594.PDS, moved to PDS/ISRUMC2B
2025-04-04 12:20:17.779165 - Found UTCDSM5.rexx (text/plain) in CBT.V508.FILE594.PDS, moved to PDS/UTCDSM5
2025-04-04 12:20:17.779291 - Found UTHDSM5.txt (text/plain) in CBT.V508.FILE594.PDS, moved to PDS/UTHDSM5
2025-04-04 12:20:17.779404 - Found UTMDD01.txt (text/plain) in CBT.V508.FILE594.PDS, moved to PDS/UTMDD01
2025-04-04 12:20:17.779524 - Found UTMDD02.txt (text/plain) in CBT.V508.FILE594.PDS, moved to PDS/UTMDD02
2025-04-04 12:20:17.779643 - Found UTMDD03.txt (text/plain) in CBT.V508.FILE594.PDS, moved to PDS/UTMDD03
2025-04-04 12:20:17.779759 - Found UTMDD04.txt (text/plain) in CBT.V508.FILE594.PDS, moved to PDS/UTMDD04
2025-04-04 12:20:17.779885 - Found UTMDD05.txt (text/plain) in CBT.V508.FILE594.PDS, moved to PDS/UTMDD05
2025-04-04 12:20:17.779999 - Found UTMDD09.txt (text/plain) in CBT.V508.FILE594.PDS, moved to PDS/UTMDD09
2025-04-04 12:20:17.780115 - Found UTPDSM5.txt (text/plain) in CBT.V508.FILE594.PDS, moved to PDS/UTPDSM5
2025-04-04 12:20:17.780232 - Found UTPDSM5A.txt (text/plain) in CBT.V508.FILE594.PDS, moved to PDS/UTPDSM5A
2025-04-04 12:20:17.780354 - Found UTPDSM5C.txt (text/plain) in CBT.V508.FILE594.PDS, moved to PDS/UTPDSM5C
2025-04-04 12:20:17.780474 - Found UTPDSM5D.bin (application/octet-stream) in CBT.V508.FILE594.PDS, moved to PDS/UTPDSM5D
2025-04-04 12:20:17.780592 - Found UTPDSM5E.txt (text/plain) in CBT.V508.FILE594.PDS, moved to PDS/UTPDSM5E
2025-04-04 12:20:17.780710 - Found UTPDSM5F.txt (text/plain) in CBT.V508.FILE594.PDS, moved to PDS/UTPDSM5F
2025-04-04 12:20:17.780831 - Found UTPDSM5G.txt (text/plain) in CBT.V508.FILE594.PDS, moved to PDS/UTPDSM5G
2025-04-04 12:20:17.780958 - Found UTPDSM5H.txt (text/plain) in CBT.V508.FILE594.PDS, moved to PDS/UTPDSM5H
2025-04-04 12:20:17.781075 - Found UTPDSM5I.txt (text/plain) in CBT.V508.FILE594.PDS, moved to PDS/UTPDSM5I
2025-04-04 12:20:17.781186 - Found UTPDSM5K.txt (text/plain) in CBT.V508.FILE594.PDS, moved to PDS/UTPDSM5K
2025-04-04 12:20:17.781317 - Found UTPDSM5L.txt (text/plain) in CBT.V508.FILE594.PDS, moved to PDS/UTPDSM5L
2025-04-04 12:20:17.781427 - Found UTPDSM5M.txt (text/plain) in CBT.V508.FILE594.PDS, moved to PDS/UTPDSM5M
2025-04-04 12:20:17.781660 - Found UTPDSM5N.txt (text/plain) in CBT.V508.FILE594.PDS, moved to PDS/UTPDSM5N
2025-04-04 12:20:17.781771 - Found UTPDSM5W.txt (text/plain) in CBT.V508.FILE594.PDS, moved to PDS/UTPDSM5W
2025-04-04 12:20:17.781894 - Found UTPDSM5X.txt (text/plain) in CBT.V508.FILE594.PDS, moved to PDS/UTPDSM5X
2025-04-04 12:20:17.782016 - Found UTPDSM5Z.txt (text/plain) in CBT.V508.FILE594.PDS, moved to PDS/UTPDSM5Z
2025-04-04 12:20:17.782129 - Found UTPHCMD.txt (text/plain) in CBT.V508.FILE594.PDS, moved to PDS/UTPHCMD
2025-04-04 12:20:17.782243 - Found UTPHCMD1.txt (text/plain) in CBT.V508.FILE594.PDS, moved to PDS/UTPHCMD1
2025-04-04 12:20:17.782359 - Found UTSJOB.txt (text/plain) in CBT.V508.FILE594.PDS, moved to PDS/UTSJOB
2025-04-04 12:20:17.782472 - Found UTSTSO.txt (text/plain) in CBT.V508.FILE594.PDS, moved to PDS/UTSTSO
2025-04-04 12:20:17.782586 - Found UTSTSO01.txt (text/plain) in CBT.V508.FILE594.PDS, moved to PDS/UTSTSO01
2025-04-04 12:20:17.782694 - Found UTTEMPL.bin (application/octet-stream) in CBT.V508.FILE594.PDS, moved to PDS/UTTEMPL
2025-04-04 12:20:17.782816 - Found UTTHELP.bin (application/octet-stream) in CBT.V508.FILE594.PDS, moved to PDS/UTTHELP
2025-04-04 12:20:17.782930 - Found ZTEMPLAT.txt (text/plain) in CBT.V508.FILE594.PDS, moved to PDS/ZTEMPLAT
